<?xml version="1.0" encoding="UTF-8"?>
<!-- Generated by org.testng.reporters.JUnitReportReporter -->
<testsuite hostname="nawal-Aspire-V3-471" failures="0" tests="3" name="TestCases" time="0.014" errors="0" timestamp="2022-04-17T05:58:03 AST" skipped="0">
  <testcase classname="TestCases" name="setup" time="0.014"/>
  <system-out/>
  <testcase classname="TestCases" name="testSteps" time="0.000"/>
  <system-out/>
  <testcase classname="TestCases" name="tearDown" time="0.000"/>
  <system-out/>
</testsuite> <!-- TestCases -->
